Determining if the pthread_create exist failed with the following output:
Change Dir: /home/cian/.vim/bundle/CMakeFiles/CMakeTmp

Run Build Command:/usr/bin/make "cmTryCompileExec187556220/fast"
/usr/bin/make -f CMakeFiles/cmTryCompileExec187556220.dir/build.make CMakeFiles/cmTryCompileExec187556220.dir/build
make[1]: Entering directory `/home/cian/configs/vim/bundle/CMakeFiles/CMakeTmp'
/usr/bin/cmake -E cmake_progress_report /home/cian/.vim/bundle/CMakeFiles/CMakeTmp/CMakeFiles 1
Building C object CMakeFiles/cmTryCompileExec187556220.dir/CheckSymbolExists.c.o
/usr/bin/cc    -o CMakeFiles/cmTryCompileExec187556220.dir/CheckSymbolExists.c.o   -c /home/cian/.vim/bundle/CMakeFiles/CMakeTmp/CheckSymbolExists.c
Linking C executable cmTryCompileExec187556220
/usr/bin/cmake -E cmake_link_script CMakeFiles/cmTryCompileExec187556220.dir/link.txt --verbose=1
/usr/bin/cc         CMakeFiles/cmTryCompileExec187556220.dir/CheckSymbolExists.c.o  -o cmTryCompileExec187556220 -rdynamic 
CMakeFiles/cmTryCompileExec187556220.dir/CheckSymbolExists.c.o: In function `main':
CheckSymbolExists.c:(.text+0x16): undefined reference to `pthread_create'
collect2: error: ld returned 1 exit status
make[1]: *** [cmTryCompileExec187556220] Error 1
make[1]: Leaving directory `/home/cian/configs/vim/bundle/CMakeFiles/CMakeTmp'
make: *** [cmTryCompileExec187556220/fast] Error 2

File /home/cian/.vim/bundle/CMakeFiles/CMakeTmp/CheckSymbolExists.c:
/* */
#include <pthread.h>

int main(int argc, char** argv)
{
  (void)argv;
#ifndef pthread_create
  return ((int*)(&pthread_create))[argc];
#else
  (void)argc;
  return 0;
#endif
}

Determining if the function pthread_create exists in the pthreads failed with the following output:
Change Dir: /home/cian/.vim/bundle/CMakeFiles/CMakeTmp

Run Build Command:/usr/bin/make "cmTryCompileExec2006093411/fast"
/usr/bin/make -f CMakeFiles/cmTryCompileExec2006093411.dir/build.make CMakeFiles/cmTryCompileExec2006093411.dir/build
make[1]: Entering directory `/home/cian/configs/vim/bundle/CMakeFiles/CMakeTmp'
/usr/bin/cmake -E cmake_progress_report /home/cian/.vim/bundle/CMakeFiles/CMakeTmp/CMakeFiles 1
Building C object CMakeFiles/cmTryCompileExec2006093411.dir/CheckFunctionExists.c.o
/usr/bin/cc   -DCHECK_FUNCTION_EXISTS=pthread_create   -o CMakeFiles/cmTryCompileExec2006093411.dir/CheckFunctionExists.c.o   -c /usr/share/cmake-2.8/Modules/CheckFunctionExists.c
Linking C executable cmTryCompileExec2006093411
/usr/bin/cmake -E cmake_link_script CMakeFiles/cmTryCompileExec2006093411.dir/link.txt --verbose=1
/usr/bin/cc     -DCHECK_FUNCTION_EXISTS=pthread_create    CMakeFiles/cmTryCompileExec2006093411.dir/CheckFunctionExists.c.o  -o cmTryCompileExec2006093411 -rdynamic -lpthreads 
/usr/bin/ld: cannot find -lpthreads
collect2: error: ld returned 1 exit status
make[1]: *** [cmTryCompileExec2006093411] Error 1
make[1]: Leaving directory `/home/cian/configs/vim/bundle/CMakeFiles/CMakeTmp'
make: *** [cmTryCompileExec2006093411/fast] Error 2


